<?xml version="1.0" encoding="UTF-8"?>
  <testsuite name="Json" tests="3" failures="0" errors="0" time="0">
      <testcase name="EmitFile When loading a tree succeeds should return a yaml file" classname="Json" time="0.0002253"></testcase>
      <testcase name="LoadFile When loading plain file succeeds should return corresponding branches" classname="Json" time="7.93e-05"></testcase>
      <testcase name="LoadFile When loading plain file fails should return an error" classname="Json" time="3.41e-05"></testcase>
  </testsuite>