<?xml version="1.0" encoding="UTF-8"?>
  <testsuite name="AWS/SM" tests="3" failures="0" errors="0" time="0">
      <testcase name="SM GetSecret When the client fails should return an error" classname="AWS/SM" time="0.0002243"></testcase>
      <testcase name="SM GetSecret When the keys contains an index it should return the secret" classname="AWS/SM" time="1.93e-05"></testcase>
      <testcase name="SM GetSecret When the call succeeds it should return the secret" classname="AWS/SM" time="1.03e-05"></testcase>
  </testsuite>