<?xml version="1.0" encoding="UTF-8"?>
  <testsuite name="AWS/SM" tests="2" failures="1" errors="0" time="0">
      <testcase name="SM GetSecret When the client fails should return an error" classname="AWS/SM" time="4.71e-05"></testcase>
      <testcase name="SM GetSecret When the call succeeds it should return the secret" classname="AWS/SM" time="0.0003337">
          <failure type="Failure">/home/ayoul3/go/doc/sops-sm/provider/sm/sm_test.go:27&#xA;Unexpected error:&#xA;    &lt;*errors.errorString | 0xc0002f60f0&gt;: {&#xA;        s: &#34;Badly formatted key test. Could not get region.&#34;,&#xA;    }&#xA;    Badly formatted key test. Could not get region.&#xA;occurred&#xA;/home/ayoul3/go/doc/sops-sm/provider/sm/sm_test.go:30</failure>
      </testcase>
  </testsuite>