<?xml version="1.0" encoding="UTF-8"?>
  <testsuite name="AWS/SSM" tests="4" failures="0" errors="0" time="0">
      <testcase name="SSM GetSecret When the client fails should return an error" classname="AWS/SSM" time="0.0002413"></testcase>
      <testcase name="SSM GetSecret When the keys contains an index it should return the secret" classname="AWS/SSM" time="2.7e-05"></testcase>
      <testcase name="SSM GetSecret When the key is in a different region it should return the secret" classname="AWS/SSM" time="1.21e-05"></testcase>
      <testcase name="SSM GetSecret When the call succeeds it should return the secret" classname="AWS/SSM" time="1.96e-05"></testcase>
  </testsuite>