<?xml version="1.0" encoding="UTF-8"?>
  <testsuite name="AWS/SSM" tests="2" failures="1" errors="0" time="0.001">
      <testcase name="SSM GetSecret When the client fails should return an error" classname="AWS/SSM" time="8.85e-05"></testcase>
      <testcase name="SSM GetSecret When the call succeeds it should return the secret" classname="AWS/SSM" time="0.0003623">
          <failure type="Failure">/home/ayoul3/go/doc/sops-sm/provider/ssm/ssm_test.go:27&#xA;Unexpected error:&#xA;    &lt;*errors.errorString | 0xc00031c0d0&gt;: {&#xA;        s: &#34;Badly formatted key test. Could not get region.&#34;,&#xA;    }&#xA;    Badly formatted key test. Could not get region.&#xA;occurred&#xA;/home/ayoul3/go/doc/sops-sm/provider/ssm/ssm_test.go:30</failure>
      </testcase>
  </testsuite>