<?xml version="1.0" encoding="UTF-8"?>
  <testsuite name="AWS/SM" tests="6" failures="0" errors="0" time="0">
      <testcase name="SM GetSecret When the client fails should return an error" classname="AWS/SM" time="2.47e-05"></testcase>
      <testcase name="SM GetSecret When the call succeeds it should return the secret" classname="AWS/SM" time="1.11e-05"></testcase>
      <testcase name="SM GetSecretWithTags When the client fails When the failure occurs on the GetSecret should return an error" classname="AWS/SM" time="1.9e-06"></testcase>
      <testcase name="SM GetSecretWithTags When the client fails When the failure occurs on the DescribeSecret should return an error" classname="AWS/SM" time="1.8e-06"></testcase>
      <testcase name="SM GetSecretWithTags When the client returns the secret details When the secret has no tags should return no tags" classname="AWS/SM" time="2.8e-06"></testcase>
      <testcase name="SM GetSecretWithTags When the client returns the secret details When the secret has tags should return tags" classname="AWS/SM" time="1.46e-05"></testcase>
  </testsuite>